[debug] [2023-04-01T17:19:12.065Z] ----------------------------------------------------------------------
[debug] [2023-04-01T17:19:12.073Z] Command:       C:\Program Files\nodejs\node.exe C:\Users\W0ty\AppData\Roaming\npm\node_modules\firebase-tools\lib\bin\firebase.js deploy --debug
[debug] [2023-04-01T17:19:12.074Z] CLI Version:   11.25.2
[debug] [2023-04-01T17:19:12.075Z] Platform:      win32
[debug] [2023-04-01T17:19:12.075Z] Node Version:  v19.1.0
[debug] [2023-04-01T17:19:12.075Z] Time:          Sat Apr 01 2023 18:19:12 GMT+0100 (British Summer Time)
[debug] [2023-04-01T17:19:12.076Z] ----------------------------------------------------------------------
[debug] 
[error] 
[error] Error: There was an error loading firebase.json:

Unexpected token ':' at 1:10
"hosting": {
         ^
File: "C:\Users\W0ty\PycharmProjects\willotty.com\firebase.json"
[debug] [2023-04-01T17:20:09.538Z] ----------------------------------------------------------------------
[debug] [2023-04-01T17:20:09.543Z] Command:       C:\Program Files\nodejs\node.exe C:\Users\W0ty\AppData\Roaming\npm\node_modules\firebase-tools\lib\bin\firebase.js deploy --debug
[debug] [2023-04-01T17:20:09.544Z] CLI Version:   11.25.2
[debug] [2023-04-01T17:20:09.544Z] Platform:      win32
[debug] [2023-04-01T17:20:09.544Z] Node Version:  v19.1.0
[debug] [2023-04-01T17:20:09.545Z] Time:          Sat Apr 01 2023 18:20:09 GMT+0100 (British Summer Time)
[debug] [2023-04-01T17:20:09.545Z] ----------------------------------------------------------------------
[debug] 
[error] 
[error] Error: No currently active project.
To run this command, you need to specify a project. You have two options:
- Run this command with --project <alias_or_project_id>.
- Set an active project by running firebase use --add, then rerun this command.
To list all the Firebase projects to which you have access, run firebase projects:list.
To learn about active projects for the CLI, visit https://firebase.google.com/docs/cli#project_aliases


[debug] [2023-04-01T17:20:42.017Z] ----------------------------------------------------------------------
[debug] [2023-04-01T17:20:42.021Z] Command:       C:\Program Files\nodejs\node.exe C:\Users\W0ty\AppData\Roaming\npm\node_modules\firebase-tools\lib\bin\firebase.js deploy --debug --project will-swebsite
[debug] [2023-04-01T17:20:42.022Z] CLI Version:   11.25.2
[debug] [2023-04-01T17:20:42.022Z] Platform:      win32
[debug] [2023-04-01T17:20:42.022Z] Node Version:  v19.1.0
[debug] [2023-04-01T17:20:42.023Z] Time:          Sat Apr 01 2023 18:20:42 GMT+0100 (British Summer Time)
[debug] [2023-04-01T17:20:42.023Z] ----------------------------------------------------------------------
[debug] 
[debug] [2023-04-01T17:20:42.116Z] > command requires scopes: ["email","openid","https://www.googleapis.com/auth/cloudplatformprojects.readonly","https://www.googleapis.com/auth/firebase","https://www.googleapis.com/auth/cloud-platform"]
[debug] [2023-04-01T17:20:42.119Z] > authorizing via signed-in user (william.otty@gmail.com)
[debug] [2023-04-01T17:20:42.120Z] [iam] checking project will-swebsite for permissions ["firebase.projects.get","firebasehosting.sites.update"]
[debug] [2023-04-01T17:20:42.127Z] > refreshing access token with scopes: []
[debug] [2023-04-01T17:20:42.135Z] >>> [apiv2][query] POST https://www.googleapis.com/oauth2/v3/token [none]
[debug] [2023-04-01T17:20:42.137Z] >>> [apiv2][body] POST https://www.googleapis.com/oauth2/v3/token [omitted]
[debug] [2023-04-01T17:20:43.805Z] <<< [apiv2][status] POST https://www.googleapis.com/oauth2/v3/token 200
[debug] [2023-04-01T17:20:43.808Z] <<< [apiv2][body] POST https://www.googleapis.com/oauth2/v3/token [omitted]
[debug] [2023-04-01T17:20:43.839Z] >>> [apiv2][query] POST https://cloudresourcemanager.googleapis.com/v1/projects/will-swebsite:testIamPermissions [none]
[debug] [2023-04-01T17:20:43.841Z] >>> [apiv2][(partial)header] POST https://cloudresourcemanager.googleapis.com/v1/projects/will-swebsite:testIamPermissions x-goog-quota-user=projects/will-swebsite
[debug] [2023-04-01T17:20:43.844Z] >>> [apiv2][body] POST https://cloudresourcemanager.googleapis.com/v1/projects/will-swebsite:testIamPermissions {"permissions":["firebase.projects.get","firebasehosting.sites.update"]}
[debug] [2023-04-01T17:20:45.149Z] <<< [apiv2][status] POST https://cloudresourcemanager.googleapis.com/v1/projects/will-swebsite:testIamPermissions 200
[debug] [2023-04-01T17:20:45.151Z] <<< [apiv2][body] POST https://cloudresourcemanager.googleapis.com/v1/projects/will-swebsite:testIamPermissions {"permissions":["firebase.projects.get","firebasehosting.sites.update"]}
[debug] [2023-04-01T17:20:45.156Z] >>> [apiv2][query] GET https://firebase.googleapis.com/v1beta1/projects/will-swebsite [none]
[debug] [2023-04-01T17:20:46.073Z] <<< [apiv2][status] GET https://firebase.googleapis.com/v1beta1/projects/will-swebsite 200
[debug] [2023-04-01T17:20:46.074Z] <<< [apiv2][body] GET https://firebase.googleapis.com/v1beta1/projects/will-swebsite {"projectId":"will-swebsite","projectNumber":"723906792946","displayName":"Will'sWebsite","name":"projects/will-swebsite","resources":{"hostingSite":"will-swebsite"},"state":"ACTIVE","etag":"1_124b3bee-511f-4dcb-8d99-7496478639df"}
[info] 
[info] === Deploying to 'will-swebsite'...
[info] 
[info] i  deploying hosting 
[debug] [2023-04-01T17:20:46.094Z] Specified "public" directory "public" does not exist; Deploy to Hosting site "will-swebsite" may fail or be empty.
[debug] [2023-04-01T17:20:46.101Z] >>> [apiv2][query] POST https://firebasehosting.googleapis.com/v1beta1/projects/-/sites/will-swebsite/versions [none]
[debug] [2023-04-01T17:20:46.103Z] >>> [apiv2][body] POST https://firebasehosting.googleapis.com/v1beta1/projects/-/sites/will-swebsite/versions {"status":"CREATED","labels":{"deployment-tool":"cli-firebase"}}
[debug] [2023-04-01T17:20:47.935Z] <<< [apiv2][status] POST https://firebasehosting.googleapis.com/v1beta1/projects/-/sites/will-swebsite/versions 200
[debug] [2023-04-01T17:20:47.937Z] <<< [apiv2][body] POST https://firebasehosting.googleapis.com/v1beta1/projects/-/sites/will-swebsite/versions {"name":"projects/723906792946/sites/will-swebsite/versions/cf26a421033dd12c","status":"CREATED","config":{},"labels":{"deployment-tool":"cli-firebase"}}
[info] i  hosting[will-swebsite]: beginning deploy... 
[error] 
[error] Error: Directory 'public' for Hosting does not exist.
[debug] [2023-04-01T17:21:05.849Z] ----------------------------------------------------------------------
[debug] [2023-04-01T17:21:05.853Z] Command:       C:\Program Files\nodejs\node.exe C:\Users\W0ty\AppData\Roaming\npm\node_modules\firebase-tools\lib\bin\firebase.js deploy --debug --project will-swebsite
[debug] [2023-04-01T17:21:05.854Z] CLI Version:   11.25.2
[debug] [2023-04-01T17:21:05.854Z] Platform:      win32
[debug] [2023-04-01T17:21:05.854Z] Node Version:  v19.1.0
[debug] [2023-04-01T17:21:05.854Z] Time:          Sat Apr 01 2023 18:21:05 GMT+0100 (British Summer Time)
[debug] [2023-04-01T17:21:05.855Z] ----------------------------------------------------------------------
[debug] 
[debug] [2023-04-01T17:21:05.957Z] > command requires scopes: ["email","openid","https://www.googleapis.com/auth/cloudplatformprojects.readonly","https://www.googleapis.com/auth/firebase","https://www.googleapis.com/auth/cloud-platform"]
[debug] [2023-04-01T17:21:05.960Z] > authorizing via signed-in user (william.otty@gmail.com)
[debug] [2023-04-01T17:21:05.962Z] [iam] checking project will-swebsite for permissions ["firebase.projects.get","firebasehosting.sites.update"]
[debug] [2023-04-01T17:21:05.968Z] >>> [apiv2][query] POST https://cloudresourcemanager.googleapis.com/v1/projects/will-swebsite:testIamPermissions [none]
[debug] [2023-04-01T17:21:05.969Z] >>> [apiv2][(partial)header] POST https://cloudresourcemanager.googleapis.com/v1/projects/will-swebsite:testIamPermissions x-goog-quota-user=projects/will-swebsite
[debug] [2023-04-01T17:21:05.971Z] >>> [apiv2][body] POST https://cloudresourcemanager.googleapis.com/v1/projects/will-swebsite:testIamPermissions {"permissions":["firebase.projects.get","firebasehosting.sites.update"]}
[debug] [2023-04-01T17:21:07.005Z] <<< [apiv2][status] POST https://cloudresourcemanager.googleapis.com/v1/projects/will-swebsite:testIamPermissions 200
[debug] [2023-04-01T17:21:07.008Z] <<< [apiv2][body] POST https://cloudresourcemanager.googleapis.com/v1/projects/will-swebsite:testIamPermissions {"permissions":["firebase.projects.get","firebasehosting.sites.update"]}
[debug] [2023-04-01T17:21:07.014Z] >>> [apiv2][query] GET https://firebase.googleapis.com/v1beta1/projects/will-swebsite [none]
[debug] [2023-04-01T17:21:07.499Z] <<< [apiv2][status] GET https://firebase.googleapis.com/v1beta1/projects/will-swebsite 200
[debug] [2023-04-01T17:21:07.501Z] <<< [apiv2][body] GET https://firebase.googleapis.com/v1beta1/projects/will-swebsite {"projectId":"will-swebsite","projectNumber":"723906792946","displayName":"Will'sWebsite","name":"projects/will-swebsite","resources":{"hostingSite":"will-swebsite"},"state":"ACTIVE","etag":"1_124b3bee-511f-4dcb-8d99-7496478639df"}
[info] 
[info] === Deploying to 'will-swebsite'...
[info] 
[info] i  deploying hosting 
[debug] [2023-04-01T17:21:07.531Z] >>> [apiv2][query] POST https://firebasehosting.googleapis.com/v1beta1/projects/-/sites/will-swebsite/versions [none]
[debug] [2023-04-01T17:21:07.533Z] >>> [apiv2][body] POST https://firebasehosting.googleapis.com/v1beta1/projects/-/sites/will-swebsite/versions {"status":"CREATED","labels":{"deployment-tool":"cli-firebase"}}
[debug] [2023-04-01T17:21:08.726Z] <<< [apiv2][status] POST https://firebasehosting.googleapis.com/v1beta1/projects/-/sites/will-swebsite/versions 200
[debug] [2023-04-01T17:21:08.727Z] <<< [apiv2][body] POST https://firebasehosting.googleapis.com/v1beta1/projects/-/sites/will-swebsite/versions {"name":"projects/723906792946/sites/will-swebsite/versions/046daf3b2562d39c","status":"CREATED","config":{},"labels":{"deployment-tool":"cli-firebase"}}
[info] i  hosting[will-swebsite]: beginning deploy... 
[info] i  hosting[will-swebsite]: found 58 files in ./ 
[debug] [2023-04-01T17:21:08.833Z] [hosting] uploading with 200 concurrency
[debug] [2023-04-01T17:21:08.839Z] [hosting] hash cache [] not populated
[debug] [2023-04-01T17:21:09.310Z] [hosting] hash cache [] stored for 58 files
[debug] [2023-04-01T17:21:09.313Z] [hosting][hash queue][FINAL] {"max":416,"min":41,"avg":117.58620689655173,"active":0,"complete":58,"success":58,"errored":0,"retried":0,"total":58,"elapsed":472}
[debug] [2023-04-01T17:21:09.316Z] >>> [apiv2][query] POST https://firebasehosting.googleapis.com/v1beta1/projects/723906792946/sites/will-swebsite/versions/046daf3b2562d39c:populateFiles [none]
[debug] [2023-04-01T17:21:09.317Z] >>> [apiv2][body] POST https://firebasehosting.googleapis.com/v1beta1/projects/723906792946/sites/will-swebsite/versions/046daf3b2562d39c:populateFiles {"files":{"/about.html":"17fb8d12fbdf1ebee25321e0091f16e6a32760e15268b16799fd28070d8e965c","/package.json":"3cfb107bc13db4eaa77d4a1bb1c5e624f416b1e70302a3830e702428481579c4","/blog.html":"be5e1c01586b87bcab5e012a8eb87f4856c4faaa3d75ee571edc893c67444ada","/index.html":"7228843e2706091fefdb3c5090a9823f07c17b1bc789cf0793454c35cc338d41","/assets/blog.html":"9c8e41e428ade8425654ee5a0151d5e5ea9ff8b09c8a848842ddcccb2ef60a35","/assets/about.html":"47c36bbe01a931346fea803d4b4b26099a66877b94458cbc1bd81b15ac20e054","/assets/docker.png":"e6f77555d16374c6889f62398b6f2dfaad13458ca7809bf2eded2749a943c3b4","/package-lock.json":"e56f14f6342e7dddc5235eafb51d4c7ed166c3307d769fc464294ff0242f45be","/assets/index.html":"84c7f09a3fba7a1d3d63d7a8854c9ac757fc7a52dc23b079790942d9ecc09fe7","/assets/read_icon.png":"8db52498015e11179d3b2d14fde482a5f454f182c5017c2ed3f6de83ecec3447","/assets/style.css":"ed2fb413daa4db0295439a3c961de8ea8b9e142d7707863b65326388529e3dc4","/assets/searchicon.html":"d0f5bea7d94a7f5e012e49b66454b9525ca1bbe3c0e22ac33e1d2f76718e46f8","/assets/assets/esb.html":"bb4d1d85e4fc1100d74c37e8d076f77789e8417072dda68c653cece6e288171d","/assets/assets/javaicon.html":"7d5d1a77f682ccc43d0e1dbe4d13b27d0899f9da5f14dc9fc0cfe454aa4b6105","/assets/assets/profileimage.html":"db200d407422bd784c10ac1f6220f563873c6dc72f1a8a96eaf49d5428680d13","/assets/assets/wottyLogo2.html":"7d6751dccb93e25b875f83dadd49f2649649a76c62b1b1dab6dc9299129142d8","/assets/assets/style.html":"cec7406293ff9c8a59470e17a892c650f87134470c759d8a7d3b61b1eeba5bb6","/assets/assets/websiteicon.html":"18824e2898b930a79101efad5fa05f706fca61662e25b75a7bad67209d3111ed","/blog/communication.html":"fb86cf1a0c55543cf11bfcd74359240c2fdf43598bc7dfe66fc719c1d241896c","/assets/projects/buildingwebsite.html":"c9068e7613638945d347d88610463911cd930360149d3da3f720b1d9c4e33bee","/assets/projects/esb.html":"d4f4c022e6a839717cf978195a244b7ab8579864af837c1a60e6baa049177feb","/blog/reading.html":"67fe7915be639ed919cb4392e2b008c696a889596ca6862bce56c178451f4743","/blog/docker.html":"b03fbea4b6ca905e04a6dd17ca02aec6f45732be0ccbabd498cf9285e0a1946a","/blog/databases.html":"338d3838e03f6f4ff2a4661ed90a49a6ed5ae970fa1dae3cb483e6a4c46a741c","/assets/projects/learningjava.html":"27af45c550d58ecf116103a1f2f0151b3f78f0b42ab68ad07ce44ca6bf527309","/projects/buildingwebsite.html":"aff0381591a023f4620e5c3cc83db2e2c3870b3bbec5b0c809f89c06ae03a9b9","/projects/esb.html":"f59ed5e54e99bed12880724e6af7e2d301a354753bac09d94f5c893632585f55","/projects/about.html":"8d02dca10a3fe1c583d47a4f23cd84a41d8618237a96c0504bfb5c2f723c04ab","/css/searchicon.html":"8aa3e92878e3541e9fdeed695811ce9d5bd672978b444d2afa646b8676371a9b","/projects/blog.html":"4159df9166905110280ea8918407cfc3446edd0622fee0cf78a85c413b3b11f7","/projects/learningjava.html":"4f6e80bc991198187550dac0654b27ccdbf9853033e1b5fbc4fc3e837eadb78a","/projects/exercism.html":"b23539245bff2323e4770a181abdb278c06a97203847eab1b26208c74dccd760","/projects/index.html":"5c6225e5091973648d503e371bb25164ea51d815a75d5e7b07159b72e96d74d0","/projects/assets/esb.html":"433b5df47e85151c27d2f26bea98ef0753bdfc1bb6ff8453dcacc1c231622335","/assets/database.png":"988b19f1b1a68369b5ca4329c1beeda65ca72956ddbf8c1d852c66f688ede51f","/assets/esb.png":"95946b2432c2f19b16d7a9e9927340720cf8b29a3492af76ac385543384df6d5","/assets/javaicon.png":"6e2ecc3e8f9d7d72b8934b91c16585f3474c2e5783d2b1add531c229606aa095","/assets/mockup.png":"a4bab11a477fb5b8cdf255c169f6213bf30d4e9657358091f38ddc9df59f1a85","/assets/search.png":"f6ea4160271162caa20758b6b3ae7cd4abc4f9321c65b33ee3482466fcf8b926","/assets/websiteicon.png":"bbfb3c715fae94b885c8d0184cbfff11ba8f953b11a52112762a8aa64d382083","/assets/communication.png":"b18eb938ce501124e4fc08d51d1e5b5843d6ac1e02e00ffa723bd364e4ba7314","/assets/esb1.png":"ea58491bced11ce52505ae16be1081dfa1fc76a363588f545da718937c2ed7f8","/projects/assets/javaicon.html":"ee7309887259310dc119f302e7e91e62b8020c29b4d8036dd7d0f542c03a545c","/projects/assets/profileimage.html":"49022d4ef20701fd57440db04fc3c1db492289fd2006ba9e7641e0ab7ea8a49b","/projects/assets/style.html":"271edf62c5112792dcd5a2cfdbdb6554f92bc556292de6489a5d40f002bf15bb","/projects/assets/websiteicon.html":"d0388cea87c26f518175220684ff958c7c058a50e0bff681d1927b554078f61b","/projects/assets/wottyLogo2.html":"0f355e4f0528e66c29355b982774402948425f2694eca58966efa71c88836f6f","/projects/projects/esb.html":"14de71654453086bb58e13c732f9f4b4400bbada09ae8f7d8ea77051ac997652","/projects/projects/buildingwebsite.html":"a22c0f473d364e7cada7f7727b0ea643a543fe056818cba3b3785ada869b8494","/projects/projects/learningjava.html":"66a3aaf5f3bfb9427dd388c2d5a8f8cf95f95cad99e03e55b55d754cd4e3a5df","/assets/Docker2.png":"24ce7f22ad2de1934263b424aa1cd64b9b62f8a0403db8376f880478cc95b7fb","/assets/Docker3.png":"a6836e4d88566e593e84c248f2293b14accc6f397b39c7ee816c6f7a3daf708b","/assets/Docker4.png":"15ad4e92a9cc0bbe89e48834401ee987393a2507a73704a8445c25b0b38a1598","/assets/Docker1.png":"32d072aadad462bc999d59ec10f971e8dd3918f9461a29450672cee12706df16","/assets/wottyLogo2.png":"ca017bb472a33feb06567ea0afa6a29cd48d4b721df5e725ff7ef3e763ac811c","/assets/profileimage.png":"5332bae8cc147f21f5e4878ccc90f16e4f44621f06fb3ded02fea96a02909d2a","/projects/SIgnOff_FinalAssessment.pdf":"460d3c49589ad364b64cd345111f97939fd9128a846eab096af17e6fb399967c","/projects/Electric Skateboard.pdf":"a577e253219679ab4e3cdd701a7f84082d2b3e2a138037e2a5529ec90962a3c7"}}
[debug] [2023-04-01T17:21:09.853Z] <<< [apiv2][status] POST https://firebasehosting.googleapis.com/v1beta1/projects/723906792946/sites/will-swebsite/versions/046daf3b2562d39c:populateFiles 200
[debug] [2023-04-01T17:21:09.855Z] <<< [apiv2][body] POST https://firebasehosting.googleapis.com/v1beta1/projects/723906792946/sites/will-swebsite/versions/046daf3b2562d39c:populateFiles {"uploadRequiredHashes":["0f355e4f0528e66c29355b982774402948425f2694eca58966efa71c88836f6f","17fb8d12fbdf1ebee25321e0091f16e6a32760e15268b16799fd28070d8e965c","4159df9166905110280ea8918407cfc3446edd0622fee0cf78a85c413b3b11f7","d4f4c022e6a839717cf978195a244b7ab8579864af837c1a60e6baa049177feb","5c6225e5091973648d503e371bb25164ea51d815a75d5e7b07159b72e96d74d0","3cfb107bc13db4eaa77d4a1bb1c5e624f416b1e70302a3830e702428481579c4","8aa3e92878e3541e9fdeed695811ce9d5bd672978b444d2afa646b8676371a9b","be5e1c01586b87bcab5e012a8eb87f4856c4faaa3d75ee571edc893c67444ada","cec7406293ff9c8a59470e17a892c650f87134470c759d8a7d3b61b1eeba5bb6","9c8e41e428ade8425654ee5a0151d5e5ea9ff8b09c8a848842ddcccb2ef60a35","338d3838e03f6f4ff2a4661ed90a49a6ed5ae970fa1dae3cb483e6a4c46a741c","14de71654453086bb58e13c732f9f4b4400bbada09ae8f7d8ea77051ac997652","433b5df47e85151c27d2f26bea98ef0753bdfc1bb6ff8453dcacc1c231622335","18824e2898b930a79101efad5fa05f706fca61662e25b75a7bad67209d3111ed","49022d4ef20701fd57440db04fc3c1db492289fd2006ba9e7641e0ab7ea8a49b","b03fbea4b6ca905e04a6dd17ca02aec6f45732be0ccbabd498cf9285e0a1946a","8d02dca10a3fe1c583d47a4f23cd84a41d8618237a96c0504bfb5c2f723c04ab","271edf62c5112792dcd5a2cfdbdb6554f92bc556292de6489a5d40f002bf15bb","aff0381591a023f4620e5c3cc83db2e2c3870b3bbec5b0c809f89c06ae03a9b9","e56f14f6342e7dddc5235eafb51d4c7ed166c3307d769fc464294ff0242f45be","d0f5bea7d94a7f5e012e49b66454b9525ca1bbe3c0e22ac33e1d2f76718e46f8","c9068e7613638945d347d88610463911cd930360149d3da3f720b1d9c4e33bee","d0388cea87c26f518175220684ff958c7c058a50e0bff681d1927b554078f61b","a22c0f473d364e7cada7f7727b0ea643a543fe056818cba3b3785ada869b8494","7d5d1a77f682ccc43d0e1dbe4d13b27d0899f9da5f14dc9fc0cfe454aa4b6105","4f6e80bc991198187550dac0654b27ccdbf9853033e1b5fbc4fc3e837eadb78a","66a3aaf5f3bfb9427dd388c2d5a8f8cf95f95cad99e03e55b55d754cd4e3a5df","bb4d1d85e4fc1100d74c37e8d076f77789e8417072dda68c653cece6e288171d","7228843e2706091fefdb3c5090a9823f07c17b1bc789cf0793454c35cc338d41","47c36bbe01a931346fea803d4b4b26099a66877b94458cbc1bd81b15ac20e054","67fe7915be639ed919cb4392e2b008c696a889596ca6862bce56c178451f4743","84c7f09a3fba7a1d3d63d7a8854c9ac757fc7a52dc23b079790942d9ecc09fe7","db200d407422bd784c10ac1f6220f563873c6dc72f1a8a96eaf49d5428680d13","27af45c550d58ecf116103a1f2f0151b3f78f0b42ab68ad07ce44ca6bf527309","b23539245bff2323e4770a181abdb278c06a97203847eab1b26208c74dccd760","ed2fb413daa4db0295439a3c961de8ea8b9e142d7707863b65326388529e3dc4","7d6751dccb93e25b875f83dadd49f2649649a76c62b1b1dab6dc9299129142d8","fb86cf1a0c55543cf11bfcd74359240c2fdf43598bc7dfe66fc719c1d241896c","f59ed5e54e99bed12880724e6af7e2d301a354753bac09d94f5c893632585f55","ee7309887259310dc119f302e7e91e62b8020c29b4d8036dd7d0f542c03a545c"],"uploadUrl":"https://upload-firebasehosting.googleapis.com/upload/sites/will-swebsite/versions/046daf3b2562d39c/files"}
[debug] [2023-04-01T17:21:09.888Z] >>> [apiv2][query] POST https://upload-firebasehosting.googleapis.com/upload/sites/will-swebsite/versions/046daf3b2562d39c/files/0f355e4f0528e66c29355b982774402948425f2694eca58966efa71c88836f6f [none]
[debug] [2023-04-01T17:21:09.890Z] >>> [apiv2][body] POST https://upload-firebasehosting.googleapis.com/upload/sites/will-swebsite/versions/046daf3b2562d39c/files/0f355e4f0528e66c29355b982774402948425f2694eca58966efa71c88836f6f [stream]
[debug] [2023-04-01T17:21:09.899Z] >>> [apiv2][query] POST https://upload-firebasehosting.googleapis.com/upload/sites/will-swebsite/versions/046daf3b2562d39c/files/17fb8d12fbdf1ebee25321e0091f16e6a32760e15268b16799fd28070d8e965c [none]
[debug] [2023-04-01T17:21:09.902Z] >>> [apiv2][body] POST https://upload-firebasehosting.googleapis.com/upload/sites/will-swebsite/versions/046daf3b2562d39c/files/17fb8d12fbdf1ebee25321e0091f16e6a32760e15268b16799fd28070d8e965c [stream]
[debug] [2023-04-01T17:21:09.910Z] >>> [apiv2][query] POST https://upload-firebasehosting.googleapis.com/upload/sites/will-swebsite/versions/046daf3b2562d39c/files/4159df9166905110280ea8918407cfc3446edd0622fee0cf78a85c413b3b11f7 [none]
[debug] [2023-04-01T17:21:09.912Z] >>> [apiv2][body] POST https://upload-firebasehosting.googleapis.com/upload/sites/will-swebsite/versions/046daf3b2562d39c/files/4159df9166905110280ea8918407cfc3446edd0622fee0cf78a85c413b3b11f7 [stream]
[debug] [2023-04-01T17:21:09.920Z] >>> [apiv2][query] POST https://upload-firebasehosting.googleapis.com/upload/sites/will-swebsite/versions/046daf3b2562d39c/files/d4f4c022e6a839717cf978195a244b7ab8579864af837c1a60e6baa049177feb [none]
[debug] [2023-04-01T17:21:09.923Z] >>> [apiv2][body] POST https://upload-firebasehosting.googleapis.com/upload/sites/will-swebsite/versions/046daf3b2562d39c/files/d4f4c022e6a839717cf978195a244b7ab8579864af837c1a60e6baa049177feb [stream]
[debug] [2023-04-01T17:21:09.932Z] >>> [apiv2][query] POST https://upload-firebasehosting.googleapis.com/upload/sites/will-swebsite/versions/046daf3b2562d39c/files/5c6225e5091973648d503e371bb25164ea51d815a75d5e7b07159b72e96d74d0 [none]
[debug] [2023-04-01T17:21:09.934Z] >>> [apiv2][body] POST https://upload-firebasehosting.googleapis.com/upload/sites/will-swebsite/versions/046daf3b2562d39c/files/5c6225e5091973648d503e371bb25164ea51d815a75d5e7b07159b72e96d74d0 [stream]
[debug] [2023-04-01T17:21:09.948Z] >>> [apiv2][query] POST https://upload-firebasehosting.googleapis.com/upload/sites/will-swebsite/versions/046daf3b2562d39c/files/3cfb107bc13db4eaa77d4a1bb1c5e624f416b1e70302a3830e702428481579c4 [none]
[debug] [2023-04-01T17:21:09.950Z] >>> [apiv2][body] POST https://upload-firebasehosting.googleapis.com/upload/sites/will-swebsite/versions/046daf3b2562d39c/files/3cfb107bc13db4eaa77d4a1bb1c5e624f416b1e70302a3830e702428481579c4 [stream]
[debug] [2023-04-01T17:21:09.961Z] >>> [apiv2][query] POST https://upload-firebasehosting.googleapis.com/upload/sites/will-swebsite/versions/046daf3b2562d39c/files/8aa3e92878e3541e9fdeed695811ce9d5bd672978b444d2afa646b8676371a9b [none]
[debug] [2023-04-01T17:21:09.963Z] >>> [apiv2][body] POST https://upload-firebasehosting.googleapis.com/upload/sites/will-swebsite/versions/046daf3b2562d39c/files/8aa3e92878e3541e9fdeed695811ce9d5bd672978b444d2afa646b8676371a9b [stream]
[debug] [2023-04-01T17:21:09.973Z] >>> [apiv2][query] POST https://upload-firebasehosting.googleapis.com/upload/sites/will-swebsite/versions/046daf3b2562d39c/files/be5e1c01586b87bcab5e012a8eb87f4856c4faaa3d75ee571edc893c67444ada [none]
[debug] [2023-04-01T17:21:09.975Z] >>> [apiv2][body] POST https://upload-firebasehosting.googleapis.com/upload/sites/will-swebsite/versions/046daf3b2562d39c/files/be5e1c01586b87bcab5e012a8eb87f4856c4faaa3d75ee571edc893c67444ada [stream]
[debug] [2023-04-01T17:21:09.986Z] >>> [apiv2][query] POST https://upload-firebasehosting.googleapis.com/upload/sites/will-swebsite/versions/046daf3b2562d39c/files/cec7406293ff9c8a59470e17a892c650f87134470c759d8a7d3b61b1eeba5bb6 [none]
[debug] [2023-04-01T17:21:09.989Z] >>> [apiv2][body] POST https://upload-firebasehosting.googleapis.com/upload/sites/will-swebsite/versions/046daf3b2562d39c/files/cec7406293ff9c8a59470e17a892c650f87134470c759d8a7d3b61b1eeba5bb6 [stream]
[debug] [2023-04-01T17:21:09.999Z] >>> [apiv2][query] POST https://upload-firebasehosting.googleapis.com/upload/sites/will-swebsite/versions/046daf3b2562d39c/files/9c8e41e428ade8425654ee5a0151d5e5ea9ff8b09c8a848842ddcccb2ef60a35 [none]
[debug] [2023-04-01T17:21:10.003Z] >>> [apiv2][body] POST https://upload-firebasehosting.googleapis.com/upload/sites/will-swebsite/versions/046daf3b2562d39c/files/9c8e41e428ade8425654ee5a0151d5e5ea9ff8b09c8a848842ddcccb2ef60a35 [stream]
[debug] [2023-04-01T17:21:10.011Z] >>> [apiv2][query] POST https://upload-firebasehosting.googleapis.com/upload/sites/will-swebsite/versions/046daf3b2562d39c/files/338d3838e03f6f4ff2a4661ed90a49a6ed5ae970fa1dae3cb483e6a4c46a741c [none]
[debug] [2023-04-01T17:21:10.013Z] >>> [apiv2][body] POST https://upload-firebasehosting.googleapis.com/upload/sites/will-swebsite/versions/046daf3b2562d39c/files/338d3838e03f6f4ff2a4661ed90a49a6ed5ae970fa1dae3cb483e6a4c46a741c [stream]
[debug] [2023-04-01T17:21:10.022Z] >>> [apiv2][query] POST https://upload-firebasehosting.googleapis.com/upload/sites/will-swebsite/versions/046daf3b2562d39c/files/14de71654453086bb58e13c732f9f4b4400bbada09ae8f7d8ea77051ac997652 [none]
[debug] [2023-04-01T17:21:10.024Z] >>> [apiv2][body] POST https://upload-firebasehosting.googleapis.com/upload/sites/will-swebsite/versions/046daf3b2562d39c/files/14de71654453086bb58e13c732f9f4b4400bbada09ae8f7d8ea77051ac997652 [stream]
[debug] [2023-04-01T17:21:10.032Z] >>> [apiv2][query] POST https://upload-firebasehosting.googleapis.com/upload/sites/will-swebsite/versions/046daf3b2562d39c/files/433b5df47e85151c27d2f26bea98ef0753bdfc1bb6ff8453dcacc1c231622335 [none]
[debug] [2023-04-01T17:21:10.034Z] >>> [apiv2][body] POST https://upload-firebasehosting.googleapis.com/upload/sites/will-swebsite/versions/046daf3b2562d39c/files/433b5df47e85151c27d2f26bea98ef0753bdfc1bb6ff8453dcacc1c231622335 [stream]
[debug] [2023-04-01T17:21:10.043Z] >>> [apiv2][query] POST https://upload-firebasehosting.googleapis.com/upload/sites/will-swebsite/versions/046daf3b2562d39c/files/18824e2898b930a79101efad5fa05f706fca61662e25b75a7bad67209d3111ed [none]
[debug] [2023-04-01T17:21:10.044Z] >>> [apiv2][body] POST https://upload-firebasehosting.googleapis.com/upload/sites/will-swebsite/versions/046daf3b2562d39c/files/18824e2898b930a79101efad5fa05f706fca61662e25b75a7bad67209d3111ed [stream]
[debug] [2023-04-01T17:21:10.055Z] >>> [apiv2][query] POST https://upload-firebasehosting.googleapis.com/upload/sites/will-swebsite/versions/046daf3b2562d39c/files/49022d4ef20701fd57440db04fc3c1db492289fd2006ba9e7641e0ab7ea8a49b [none]
[debug] [2023-04-01T17:21:10.058Z] >>> [apiv2][body] POST https://upload-firebasehosting.googleapis.com/upload/sites/will-swebsite/versions/046daf3b2562d39c/files/49022d4ef20701fd57440db04fc3c1db492289fd2006ba9e7641e0ab7ea8a49b [stream]
[debug] [2023-04-01T17:21:10.067Z] >>> [apiv2][query] POST https://upload-firebasehosting.googleapis.com/upload/sites/will-swebsite/versions/046daf3b2562d39c/files/b03fbea4b6ca905e04a6dd17ca02aec6f45732be0ccbabd498cf9285e0a1946a [none]
[debug] [2023-04-01T17:21:10.069Z] >>> [apiv2][body] POST https://upload-firebasehosting.googleapis.com/upload/sites/will-swebsite/versions/046daf3b2562d39c/files/b03fbea4b6ca905e04a6dd17ca02aec6f45732be0ccbabd498cf9285e0a1946a [stream]
[debug] [2023-04-01T17:21:10.075Z] >>> [apiv2][query] POST https://upload-firebasehosting.googleapis.com/upload/sites/will-swebsite/versions/046daf3b2562d39c/files/8d02dca10a3fe1c583d47a4f23cd84a41d8618237a96c0504bfb5c2f723c04ab [none]
[debug] [2023-04-01T17:21:10.077Z] >>> [apiv2][body] POST https://upload-firebasehosting.googleapis.com/upload/sites/will-swebsite/versions/046daf3b2562d39c/files/8d02dca10a3fe1c583d47a4f23cd84a41d8618237a96c0504bfb5c2f723c04ab [stream]
[debug] [2023-04-01T17:21:10.084Z] >>> [apiv2][query] POST https://upload-firebasehosting.googleapis.com/upload/sites/will-swebsite/versions/046daf3b2562d39c/files/271edf62c5112792dcd5a2cfdbdb6554f92bc556292de6489a5d40f002bf15bb [none]
[debug] [2023-04-01T17:21:10.086Z] >>> [apiv2][body] POST https://upload-firebasehosting.googleapis.com/upload/sites/will-swebsite/versions/046daf3b2562d39c/files/271edf62c5112792dcd5a2cfdbdb6554f92bc556292de6489a5d40f002bf15bb [stream]
[debug] [2023-04-01T17:21:10.093Z] >>> [apiv2][query] POST https://upload-firebasehosting.googleapis.com/upload/sites/will-swebsite/versions/046daf3b2562d39c/files/aff0381591a023f4620e5c3cc83db2e2c3870b3bbec5b0c809f89c06ae03a9b9 [none]
[debug] [2023-04-01T17:21:10.095Z] >>> [apiv2][body] POST https://upload-firebasehosting.googleapis.com/upload/sites/will-swebsite/versions/046daf3b2562d39c/files/aff0381591a023f4620e5c3cc83db2e2c3870b3bbec5b0c809f89c06ae03a9b9 [stream]
[debug] [2023-04-01T17:21:10.102Z] >>> [apiv2][query] POST https://upload-firebasehosting.googleapis.com/upload/sites/will-swebsite/versions/046daf3b2562d39c/files/e56f14f6342e7dddc5235eafb51d4c7ed166c3307d769fc464294ff0242f45be [none]
[debug] [2023-04-01T17:21:10.104Z] >>> [apiv2][body] POST https://upload-firebasehosting.googleapis.com/upload/sites/will-swebsite/versions/046daf3b2562d39c/files/e56f14f6342e7dddc5235eafb51d4c7ed166c3307d769fc464294ff0242f45be [stream]
[debug] [2023-04-01T17:21:10.110Z] >>> [apiv2][query] POST https://upload-firebasehosting.googleapis.com/upload/sites/will-swebsite/versions/046daf3b2562d39c/files/d0f5bea7d94a7f5e012e49b66454b9525ca1bbe3c0e22ac33e1d2f76718e46f8 [none]
[debug] [2023-04-01T17:21:10.112Z] >>> [apiv2][body] POST https://upload-firebasehosting.googleapis.com/upload/sites/will-swebsite/versions/046daf3b2562d39c/files/d0f5bea7d94a7f5e012e49b66454b9525ca1bbe3c0e22ac33e1d2f76718e46f8 [stream]
[debug] [2023-04-01T17:21:10.120Z] >>> [apiv2][query] POST https://upload-firebasehosting.googleapis.com/upload/sites/will-swebsite/versions/046daf3b2562d39c/files/c9068e7613638945d347d88610463911cd930360149d3da3f720b1d9c4e33bee [none]
[debug] [2023-04-01T17:21:10.122Z] >>> [apiv2][body] POST https://upload-firebasehosting.googleapis.com/upload/sites/will-swebsite/versions/046daf3b2562d39c/files/c9068e7613638945d347d88610463911cd930360149d3da3f720b1d9c4e33bee [stream]
[debug] [2023-04-01T17:21:10.127Z] >>> [apiv2][query] POST https://upload-firebasehosting.googleapis.com/upload/sites/will-swebsite/versions/046daf3b2562d39c/files/d0388cea87c26f518175220684ff958c7c058a50e0bff681d1927b554078f61b [none]
[debug] [2023-04-01T17:21:10.129Z] >>> [apiv2][body] POST https://upload-firebasehosting.googleapis.com/upload/sites/will-swebsite/versions/046daf3b2562d39c/files/d0388cea87c26f518175220684ff958c7c058a50e0bff681d1927b554078f61b [stream]
[debug] [2023-04-01T17:21:10.134Z] >>> [apiv2][query] POST https://upload-firebasehosting.googleapis.com/upload/sites/will-swebsite/versions/046daf3b2562d39c/files/a22c0f473d364e7cada7f7727b0ea643a543fe056818cba3b3785ada869b8494 [none]
[debug] [2023-04-01T17:21:10.135Z] >>> [apiv2][body] POST https://upload-firebasehosting.googleapis.com/upload/sites/will-swebsite/versions/046daf3b2562d39c/files/a22c0f473d364e7cada7f7727b0ea643a543fe056818cba3b3785ada869b8494 [stream]
[debug] [2023-04-01T17:21:10.138Z] >>> [apiv2][query] POST https://upload-firebasehosting.googleapis.com/upload/sites/will-swebsite/versions/046daf3b2562d39c/files/7d5d1a77f682ccc43d0e1dbe4d13b27d0899f9da5f14dc9fc0cfe454aa4b6105 [none]
[debug] [2023-04-01T17:21:10.139Z] >>> [apiv2][body] POST https://upload-firebasehosting.googleapis.com/upload/sites/will-swebsite/versions/046daf3b2562d39c/files/7d5d1a77f682ccc43d0e1dbe4d13b27d0899f9da5f14dc9fc0cfe454aa4b6105 [stream]
[debug] [2023-04-01T17:21:10.144Z] >>> [apiv2][query] POST https://upload-firebasehosting.googleapis.com/upload/sites/will-swebsite/versions/046daf3b2562d39c/files/4f6e80bc991198187550dac0654b27ccdbf9853033e1b5fbc4fc3e837eadb78a [none]
[debug] [2023-04-01T17:21:10.145Z] >>> [apiv2][body] POST https://upload-firebasehosting.googleapis.com/upload/sites/will-swebsite/versions/046daf3b2562d39c/files/4f6e80bc991198187550dac0654b27ccdbf9853033e1b5fbc4fc3e837eadb78a [stream]
[debug] [2023-04-01T17:21:10.149Z] >>> [apiv2][query] POST https://upload-firebasehosting.googleapis.com/upload/sites/will-swebsite/versions/046daf3b2562d39c/files/66a3aaf5f3bfb9427dd388c2d5a8f8cf95f95cad99e03e55b55d754cd4e3a5df [none]
[debug] [2023-04-01T17:21:10.151Z] >>> [apiv2][body] POST https://upload-firebasehosting.googleapis.com/upload/sites/will-swebsite/versions/046daf3b2562d39c/files/66a3aaf5f3bfb9427dd388c2d5a8f8cf95f95cad99e03e55b55d754cd4e3a5df [stream]
[debug] [2023-04-01T17:21:10.154Z] >>> [apiv2][query] POST https://upload-firebasehosting.googleapis.com/upload/sites/will-swebsite/versions/046daf3b2562d39c/files/bb4d1d85e4fc1100d74c37e8d076f77789e8417072dda68c653cece6e288171d [none]
[debug] [2023-04-01T17:21:10.155Z] >>> [apiv2][body] POST https://upload-firebasehosting.googleapis.com/upload/sites/will-swebsite/versions/046daf3b2562d39c/files/bb4d1d85e4fc1100d74c37e8d076f77789e8417072dda68c653cece6e288171d [stream]
[debug] [2023-04-01T17:21:10.159Z] >>> [apiv2][query] POST https://upload-firebasehosting.googleapis.com/upload/sites/will-swebsite/versions/046daf3b2562d39c/files/7228843e2706091fefdb3c5090a9823f07c17b1bc789cf0793454c35cc338d41 [none]
[debug] [2023-04-01T17:21:10.160Z] >>> [apiv2][body] POST https://upload-firebasehosting.googleapis.com/upload/sites/will-swebsite/versions/046daf3b2562d39c/files/7228843e2706091fefdb3c5090a9823f07c17b1bc789cf0793454c35cc338d41 [stream]
[debug] [2023-04-01T17:21:10.163Z] >>> [apiv2][query] POST https://upload-firebasehosting.googleapis.com/upload/sites/will-swebsite/versions/046daf3b2562d39c/files/47c36bbe01a931346fea803d4b4b26099a66877b94458cbc1bd81b15ac20e054 [none]
[debug] [2023-04-01T17:21:10.165Z] >>> [apiv2][body] POST https://upload-firebasehosting.googleapis.com/upload/sites/will-swebsite/versions/046daf3b2562d39c/files/47c36bbe01a931346fea803d4b4b26099a66877b94458cbc1bd81b15ac20e054 [stream]
[debug] [2023-04-01T17:21:10.168Z] >>> [apiv2][query] POST https://upload-firebasehosting.googleapis.com/upload/sites/will-swebsite/versions/046daf3b2562d39c/files/67fe7915be639ed919cb4392e2b008c696a889596ca6862bce56c178451f4743 [none]
[debug] [2023-04-01T17:21:10.169Z] >>> [apiv2][body] POST https://upload-firebasehosting.googleapis.com/upload/sites/will-swebsite/versions/046daf3b2562d39c/files/67fe7915be639ed919cb4392e2b008c696a889596ca6862bce56c178451f4743 [stream]
[debug] [2023-04-01T17:21:10.172Z] >>> [apiv2][query] POST https://upload-firebasehosting.googleapis.com/upload/sites/will-swebsite/versions/046daf3b2562d39c/files/84c7f09a3fba7a1d3d63d7a8854c9ac757fc7a52dc23b079790942d9ecc09fe7 [none]
[debug] [2023-04-01T17:21:10.173Z] >>> [apiv2][body] POST https://upload-firebasehosting.googleapis.com/upload/sites/will-swebsite/versions/046daf3b2562d39c/files/84c7f09a3fba7a1d3d63d7a8854c9ac757fc7a52dc23b079790942d9ecc09fe7 [stream]
[debug] [2023-04-01T17:21:10.176Z] >>> [apiv2][query] POST https://upload-firebasehosting.googleapis.com/upload/sites/will-swebsite/versions/046daf3b2562d39c/files/db200d407422bd784c10ac1f6220f563873c6dc72f1a8a96eaf49d5428680d13 [none]
[debug] [2023-04-01T17:21:10.177Z] >>> [apiv2][body] POST https://upload-firebasehosting.googleapis.com/upload/sites/will-swebsite/versions/046daf3b2562d39c/files/db200d407422bd784c10ac1f6220f563873c6dc72f1a8a96eaf49d5428680d13 [stream]
[debug] [2023-04-01T17:21:10.181Z] >>> [apiv2][query] POST https://upload-firebasehosting.googleapis.com/upload/sites/will-swebsite/versions/046daf3b2562d39c/files/27af45c550d58ecf116103a1f2f0151b3f78f0b42ab68ad07ce44ca6bf527309 [none]
[debug] [2023-04-01T17:21:10.182Z] >>> [apiv2][body] POST https://upload-firebasehosting.googleapis.com/upload/sites/will-swebsite/versions/046daf3b2562d39c/files/27af45c550d58ecf116103a1f2f0151b3f78f0b42ab68ad07ce44ca6bf527309 [stream]
[debug] [2023-04-01T17:21:10.185Z] >>> [apiv2][query] POST https://upload-firebasehosting.googleapis.com/upload/sites/will-swebsite/versions/046daf3b2562d39c/files/b23539245bff2323e4770a181abdb278c06a97203847eab1b26208c74dccd760 [none]
[debug] [2023-04-01T17:21:10.186Z] >>> [apiv2][body] POST https://upload-firebasehosting.googleapis.com/upload/sites/will-swebsite/versions/046daf3b2562d39c/files/b23539245bff2323e4770a181abdb278c06a97203847eab1b26208c74dccd760 [stream]
[debug] [2023-04-01T17:21:10.190Z] >>> [apiv2][query] POST https://upload-firebasehosting.googleapis.com/upload/sites/will-swebsite/versions/046daf3b2562d39c/files/ed2fb413daa4db0295439a3c961de8ea8b9e142d7707863b65326388529e3dc4 [none]
[debug] [2023-04-01T17:21:10.191Z] >>> [apiv2][body] POST https://upload-firebasehosting.googleapis.com/upload/sites/will-swebsite/versions/046daf3b2562d39c/files/ed2fb413daa4db0295439a3c961de8ea8b9e142d7707863b65326388529e3dc4 [stream]
[debug] [2023-04-01T17:21:10.194Z] >>> [apiv2][query] POST https://upload-firebasehosting.googleapis.com/upload/sites/will-swebsite/versions/046daf3b2562d39c/files/7d6751dccb93e25b875f83dadd49f2649649a76c62b1b1dab6dc9299129142d8 [none]
[debug] [2023-04-01T17:21:10.195Z] >>> [apiv2][body] POST https://upload-firebasehosting.googleapis.com/upload/sites/will-swebsite/versions/046daf3b2562d39c/files/7d6751dccb93e25b875f83dadd49f2649649a76c62b1b1dab6dc9299129142d8 [stream]
[debug] [2023-04-01T17:21:10.199Z] >>> [apiv2][query] POST https://upload-firebasehosting.googleapis.com/upload/sites/will-swebsite/versions/046daf3b2562d39c/files/fb86cf1a0c55543cf11bfcd74359240c2fdf43598bc7dfe66fc719c1d241896c [none]
[debug] [2023-04-01T17:21:10.200Z] >>> [apiv2][body] POST https://upload-firebasehosting.googleapis.com/upload/sites/will-swebsite/versions/046daf3b2562d39c/files/fb86cf1a0c55543cf11bfcd74359240c2fdf43598bc7dfe66fc719c1d241896c [stream]
[debug] [2023-04-01T17:21:10.203Z] >>> [apiv2][query] POST https://upload-firebasehosting.googleapis.com/upload/sites/will-swebsite/versions/046daf3b2562d39c/files/f59ed5e54e99bed12880724e6af7e2d301a354753bac09d94f5c893632585f55 [none]
[debug] [2023-04-01T17:21:10.204Z] >>> [apiv2][body] POST https://upload-firebasehosting.googleapis.com/upload/sites/will-swebsite/versions/046daf3b2562d39c/files/f59ed5e54e99bed12880724e6af7e2d301a354753bac09d94f5c893632585f55 [stream]
[debug] [2023-04-01T17:21:10.207Z] >>> [apiv2][query] POST https://upload-firebasehosting.googleapis.com/upload/sites/will-swebsite/versions/046daf3b2562d39c/files/ee7309887259310dc119f302e7e91e62b8020c29b4d8036dd7d0f542c03a545c [none]
[debug] [2023-04-01T17:21:10.208Z] >>> [apiv2][body] POST https://upload-firebasehosting.googleapis.com/upload/sites/will-swebsite/versions/046daf3b2562d39c/files/ee7309887259310dc119f302e7e91e62b8020c29b4d8036dd7d0f542c03a545c [stream]
[debug] [2023-04-01T17:21:10.211Z] [hosting][populate queue][FINAL] {"max":583,"min":583,"avg":583,"active":0,"complete":1,"success":1,"errored":0,"retried":0,"total":1,"elapsed":907}
[debug] [2023-04-01T17:21:10.212Z] [hosting] uploads queued: 40
[info] i  hosting: uploading new files [0/40] (0%) 
[debug] [2023-04-01T17:21:11.405Z] <<< [apiv2][status] POST https://upload-firebasehosting.googleapis.com/upload/sites/will-swebsite/versions/046daf3b2562d39c/files/4159df9166905110280ea8918407cfc3446edd0622fee0cf78a85c413b3b11f7 200
[debug] [2023-04-01T17:21:11.407Z] <<< [apiv2][body] POST https://upload-firebasehosting.googleapis.com/upload/sites/will-swebsite/versions/046daf3b2562d39c/files/4159df9166905110280ea8918407cfc3446edd0622fee0cf78a85c413b3b11f7 [stream]
[debug] [2023-04-01T17:21:11.417Z] <<< [apiv2][status] POST https://upload-firebasehosting.googleapis.com/upload/sites/will-swebsite/versions/046daf3b2562d39c/files/0f355e4f0528e66c29355b982774402948425f2694eca58966efa71c88836f6f 200
[debug] [2023-04-01T17:21:11.419Z] <<< [apiv2][body] POST https://upload-firebasehosting.googleapis.com/upload/sites/will-swebsite/versions/046daf3b2562d39c/files/0f355e4f0528e66c29355b982774402948425f2694eca58966efa71c88836f6f [stream]
[debug] [2023-04-01T17:21:11.456Z] <<< [apiv2][status] POST https://upload-firebasehosting.googleapis.com/upload/sites/will-swebsite/versions/046daf3b2562d39c/files/3cfb107bc13db4eaa77d4a1bb1c5e624f416b1e70302a3830e702428481579c4 200
[debug] [2023-04-01T17:21:11.458Z] <<< [apiv2][body] POST https://upload-firebasehosting.googleapis.com/upload/sites/will-swebsite/versions/046daf3b2562d39c/files/3cfb107bc13db4eaa77d4a1bb1c5e624f416b1e70302a3830e702428481579c4 [stream]
[debug] [2023-04-01T17:21:11.508Z] <<< [apiv2][status] POST https://upload-firebasehosting.googleapis.com/upload/sites/will-swebsite/versions/046daf3b2562d39c/files/17fb8d12fbdf1ebee25321e0091f16e6a32760e15268b16799fd28070d8e965c 200
[debug] [2023-04-01T17:21:11.510Z] <<< [apiv2][body] POST https://upload-firebasehosting.googleapis.com/upload/sites/will-swebsite/versions/046daf3b2562d39c/files/17fb8d12fbdf1ebee25321e0091f16e6a32760e15268b16799fd28070d8e965c [stream]
[debug] [2023-04-01T17:21:11.516Z] <<< [apiv2][status] POST https://upload-firebasehosting.googleapis.com/upload/sites/will-swebsite/versions/046daf3b2562d39c/files/338d3838e03f6f4ff2a4661ed90a49a6ed5ae970fa1dae3cb483e6a4c46a741c 200
[debug] [2023-04-01T17:21:11.518Z] <<< [apiv2][body] POST https://upload-firebasehosting.googleapis.com/upload/sites/will-swebsite/versions/046daf3b2562d39c/files/338d3838e03f6f4ff2a4661ed90a49a6ed5ae970fa1dae3cb483e6a4c46a741c [stream]
[debug] [2023-04-01T17:21:11.670Z] <<< [apiv2][status] POST https://upload-firebasehosting.googleapis.com/upload/sites/will-swebsite/versions/046daf3b2562d39c/files/9c8e41e428ade8425654ee5a0151d5e5ea9ff8b09c8a848842ddcccb2ef60a35 200
[debug] [2023-04-01T17:21:11.672Z] <<< [apiv2][body] POST https://upload-firebasehosting.googleapis.com/upload/sites/will-swebsite/versions/046daf3b2562d39c/files/9c8e41e428ade8425654ee5a0151d5e5ea9ff8b09c8a848842ddcccb2ef60a35 [stream]
[debug] [2023-04-01T17:21:11.908Z] <<< [apiv2][status] POST https://upload-firebasehosting.googleapis.com/upload/sites/will-swebsite/versions/046daf3b2562d39c/files/b03fbea4b6ca905e04a6dd17ca02aec6f45732be0ccbabd498cf9285e0a1946a 200
[debug] [2023-04-01T17:21:11.910Z] <<< [apiv2][body] POST https://upload-firebasehosting.googleapis.com/upload/sites/will-swebsite/versions/046daf3b2562d39c/files/b03fbea4b6ca905e04a6dd17ca02aec6f45732be0ccbabd498cf9285e0a1946a [stream]
[debug] [2023-04-01T17:21:12.046Z] <<< [apiv2][status] POST https://upload-firebasehosting.googleapis.com/upload/sites/will-swebsite/versions/046daf3b2562d39c/files/c9068e7613638945d347d88610463911cd930360149d3da3f720b1d9c4e33bee 200
[debug] [2023-04-01T17:21:12.049Z] <<< [apiv2][body] POST https://upload-firebasehosting.googleapis.com/upload/sites/will-swebsite/versions/046daf3b2562d39c/files/c9068e7613638945d347d88610463911cd930360149d3da3f720b1d9c4e33bee [stream]
[debug] [2023-04-01T17:21:12.055Z] <<< [apiv2][status] POST https://upload-firebasehosting.googleapis.com/upload/sites/will-swebsite/versions/046daf3b2562d39c/files/d0f5bea7d94a7f5e012e49b66454b9525ca1bbe3c0e22ac33e1d2f76718e46f8 200
[debug] [2023-04-01T17:21:12.057Z] <<< [apiv2][body] POST https://upload-firebasehosting.googleapis.com/upload/sites/will-swebsite/versions/046daf3b2562d39c/files/d0f5bea7d94a7f5e012e49b66454b9525ca1bbe3c0e22ac33e1d2f76718e46f8 [stream]
[debug] [2023-04-01T17:21:12.196Z] <<< [apiv2][status] POST https://upload-firebasehosting.googleapis.com/upload/sites/will-swebsite/versions/046daf3b2562d39c/files/271edf62c5112792dcd5a2cfdbdb6554f92bc556292de6489a5d40f002bf15bb 200
[debug] [2023-04-01T17:21:12.198Z] <<< [apiv2][body] POST https://upload-firebasehosting.googleapis.com/upload/sites/will-swebsite/versions/046daf3b2562d39c/files/271edf62c5112792dcd5a2cfdbdb6554f92bc556292de6489a5d40f002bf15bb [stream]
[debug] [2023-04-01T17:21:12.229Z] <<< [apiv2][status] POST https://upload-firebasehosting.googleapis.com/upload/sites/will-swebsite/versions/046daf3b2562d39c/files/7228843e2706091fefdb3c5090a9823f07c17b1bc789cf0793454c35cc338d41 200
[debug] [2023-04-01T17:21:12.231Z] <<< [apiv2][body] POST https://upload-firebasehosting.googleapis.com/upload/sites/will-swebsite/versions/046daf3b2562d39c/files/7228843e2706091fefdb3c5090a9823f07c17b1bc789cf0793454c35cc338d41 [stream]
[debug] [2023-04-01T17:21:12.710Z] <<< [apiv2][status] POST https://upload-firebasehosting.googleapis.com/upload/sites/will-swebsite/versions/046daf3b2562d39c/files/aff0381591a023f4620e5c3cc83db2e2c3870b3bbec5b0c809f89c06ae03a9b9 200
[debug] [2023-04-01T17:21:12.712Z] <<< [apiv2][body] POST https://upload-firebasehosting.googleapis.com/upload/sites/will-swebsite/versions/046daf3b2562d39c/files/aff0381591a023f4620e5c3cc83db2e2c3870b3bbec5b0c809f89c06ae03a9b9 [stream]
[debug] [2023-04-01T17:21:12.720Z] <<< [apiv2][status] POST https://upload-firebasehosting.googleapis.com/upload/sites/will-swebsite/versions/046daf3b2562d39c/files/ee7309887259310dc119f302e7e91e62b8020c29b4d8036dd7d0f542c03a545c 200
[debug] [2023-04-01T17:21:12.724Z] <<< [apiv2][body] POST https://upload-firebasehosting.googleapis.com/upload/sites/will-swebsite/versions/046daf3b2562d39c/files/ee7309887259310dc119f302e7e91e62b8020c29b4d8036dd7d0f542c03a545c [stream]
[debug] [2023-04-01T17:21:12.730Z] <<< [apiv2][status] POST https://upload-firebasehosting.googleapis.com/upload/sites/will-swebsite/versions/046daf3b2562d39c/files/433b5df47e85151c27d2f26bea98ef0753bdfc1bb6ff8453dcacc1c231622335 200
[debug] [2023-04-01T17:21:12.732Z] <<< [apiv2][body] POST https://upload-firebasehosting.googleapis.com/upload/sites/will-swebsite/versions/046daf3b2562d39c/files/433b5df47e85151c27d2f26bea98ef0753bdfc1bb6ff8453dcacc1c231622335 [stream]
[info] i  hosting: uploading new files [14/40] (35%) 
[debug] [2023-04-01T17:21:12.908Z] <<< [apiv2][status] POST https://upload-firebasehosting.googleapis.com/upload/sites/will-swebsite/versions/046daf3b2562d39c/files/7d5d1a77f682ccc43d0e1dbe4d13b27d0899f9da5f14dc9fc0cfe454aa4b6105 200
[debug] [2023-04-01T17:21:12.911Z] <<< [apiv2][body] POST https://upload-firebasehosting.googleapis.com/upload/sites/will-swebsite/versions/046daf3b2562d39c/files/7d5d1a77f682ccc43d0e1dbe4d13b27d0899f9da5f14dc9fc0cfe454aa4b6105 [stream]
[debug] [2023-04-01T17:21:12.990Z] <<< [apiv2][status] POST https://upload-firebasehosting.googleapis.com/upload/sites/will-swebsite/versions/046daf3b2562d39c/files/ed2fb413daa4db0295439a3c961de8ea8b9e142d7707863b65326388529e3dc4 200
[debug] [2023-04-01T17:21:12.993Z] <<< [apiv2][body] POST https://upload-firebasehosting.googleapis.com/upload/sites/will-swebsite/versions/046daf3b2562d39c/files/ed2fb413daa4db0295439a3c961de8ea8b9e142d7707863b65326388529e3dc4 [stream]
[debug] [2023-04-01T17:21:13.012Z] <<< [apiv2][status] POST https://upload-firebasehosting.googleapis.com/upload/sites/will-swebsite/versions/046daf3b2562d39c/files/4f6e80bc991198187550dac0654b27ccdbf9853033e1b5fbc4fc3e837eadb78a 200
[debug] [2023-04-01T17:21:13.014Z] <<< [apiv2][body] POST https://upload-firebasehosting.googleapis.com/upload/sites/will-swebsite/versions/046daf3b2562d39c/files/4f6e80bc991198187550dac0654b27ccdbf9853033e1b5fbc4fc3e837eadb78a [stream]
[debug] [2023-04-01T17:21:13.035Z] <<< [apiv2][status] POST https://upload-firebasehosting.googleapis.com/upload/sites/will-swebsite/versions/046daf3b2562d39c/files/8aa3e92878e3541e9fdeed695811ce9d5bd672978b444d2afa646b8676371a9b 200
[debug] [2023-04-01T17:21:13.037Z] <<< [apiv2][body] POST https://upload-firebasehosting.googleapis.com/upload/sites/will-swebsite/versions/046daf3b2562d39c/files/8aa3e92878e3541e9fdeed695811ce9d5bd672978b444d2afa646b8676371a9b [stream]
[debug] [2023-04-01T17:21:13.070Z] <<< [apiv2][status] POST https://upload-firebasehosting.googleapis.com/upload/sites/will-swebsite/versions/046daf3b2562d39c/files/fb86cf1a0c55543cf11bfcd74359240c2fdf43598bc7dfe66fc719c1d241896c 200
[debug] [2023-04-01T17:21:13.073Z] <<< [apiv2][body] POST https://upload-firebasehosting.googleapis.com/upload/sites/will-swebsite/versions/046daf3b2562d39c/files/fb86cf1a0c55543cf11bfcd74359240c2fdf43598bc7dfe66fc719c1d241896c [stream]
[debug] [2023-04-01T17:21:13.210Z] <<< [apiv2][status] POST https://upload-firebasehosting.googleapis.com/upload/sites/will-swebsite/versions/046daf3b2562d39c/files/67fe7915be639ed919cb4392e2b008c696a889596ca6862bce56c178451f4743 200
[debug] [2023-04-01T17:21:13.212Z] <<< [apiv2][body] POST https://upload-firebasehosting.googleapis.com/upload/sites/will-swebsite/versions/046daf3b2562d39c/files/67fe7915be639ed919cb4392e2b008c696a889596ca6862bce56c178451f4743 [stream]
[debug] [2023-04-01T17:21:13.430Z] <<< [apiv2][status] POST https://upload-firebasehosting.googleapis.com/upload/sites/will-swebsite/versions/046daf3b2562d39c/files/be5e1c01586b87bcab5e012a8eb87f4856c4faaa3d75ee571edc893c67444ada 200
[debug] [2023-04-01T17:21:13.432Z] <<< [apiv2][body] POST https://upload-firebasehosting.googleapis.com/upload/sites/will-swebsite/versions/046daf3b2562d39c/files/be5e1c01586b87bcab5e012a8eb87f4856c4faaa3d75ee571edc893c67444ada [stream]
[debug] [2023-04-01T17:21:13.440Z] <<< [apiv2][status] POST https://upload-firebasehosting.googleapis.com/upload/sites/will-swebsite/versions/046daf3b2562d39c/files/f59ed5e54e99bed12880724e6af7e2d301a354753bac09d94f5c893632585f55 200
[debug] [2023-04-01T17:21:13.443Z] <<< [apiv2][body] POST https://upload-firebasehosting.googleapis.com/upload/sites/will-swebsite/versions/046daf3b2562d39c/files/f59ed5e54e99bed12880724e6af7e2d301a354753bac09d94f5c893632585f55 [stream]
[debug] [2023-04-01T17:21:13.619Z] <<< [apiv2][status] POST https://upload-firebasehosting.googleapis.com/upload/sites/will-swebsite/versions/046daf3b2562d39c/files/a22c0f473d364e7cada7f7727b0ea643a543fe056818cba3b3785ada869b8494 200
[debug] [2023-04-01T17:21:13.622Z] <<< [apiv2][body] POST https://upload-firebasehosting.googleapis.com/upload/sites/will-swebsite/versions/046daf3b2562d39c/files/a22c0f473d364e7cada7f7727b0ea643a543fe056818cba3b3785ada869b8494 [stream]
[debug] [2023-04-01T17:21:13.726Z] <<< [apiv2][status] POST https://upload-firebasehosting.googleapis.com/upload/sites/will-swebsite/versions/046daf3b2562d39c/files/d0388cea87c26f518175220684ff958c7c058a50e0bff681d1927b554078f61b 200
[debug] [2023-04-01T17:21:13.729Z] <<< [apiv2][body] POST https://upload-firebasehosting.googleapis.com/upload/sites/will-swebsite/versions/046daf3b2562d39c/files/d0388cea87c26f518175220684ff958c7c058a50e0bff681d1927b554078f61b [stream]
[debug] [2023-04-01T17:21:13.775Z] <<< [apiv2][status] POST https://upload-firebasehosting.googleapis.com/upload/sites/will-swebsite/versions/046daf3b2562d39c/files/cec7406293ff9c8a59470e17a892c650f87134470c759d8a7d3b61b1eeba5bb6 200
[debug] [2023-04-01T17:21:13.778Z] <<< [apiv2][body] POST https://upload-firebasehosting.googleapis.com/upload/sites/will-swebsite/versions/046daf3b2562d39c/files/cec7406293ff9c8a59470e17a892c650f87134470c759d8a7d3b61b1eeba5bb6 [stream]
[debug] [2023-04-01T17:21:13.827Z] <<< [apiv2][status] POST https://upload-firebasehosting.googleapis.com/upload/sites/will-swebsite/versions/046daf3b2562d39c/files/d4f4c022e6a839717cf978195a244b7ab8579864af837c1a60e6baa049177feb 200
[debug] [2023-04-01T17:21:13.830Z] <<< [apiv2][body] POST https://upload-firebasehosting.googleapis.com/upload/sites/will-swebsite/versions/046daf3b2562d39c/files/d4f4c022e6a839717cf978195a244b7ab8579864af837c1a60e6baa049177feb [stream]
[debug] [2023-04-01T17:21:13.968Z] <<< [apiv2][status] POST https://upload-firebasehosting.googleapis.com/upload/sites/will-swebsite/versions/046daf3b2562d39c/files/14de71654453086bb58e13c732f9f4b4400bbada09ae8f7d8ea77051ac997652 200
[debug] [2023-04-01T17:21:13.970Z] <<< [apiv2][body] POST https://upload-firebasehosting.googleapis.com/upload/sites/will-swebsite/versions/046daf3b2562d39c/files/14de71654453086bb58e13c732f9f4b4400bbada09ae8f7d8ea77051ac997652 [stream]
[debug] [2023-04-01T17:21:14.453Z] <<< [apiv2][status] POST https://upload-firebasehosting.googleapis.com/upload/sites/will-swebsite/versions/046daf3b2562d39c/files/5c6225e5091973648d503e371bb25164ea51d815a75d5e7b07159b72e96d74d0 200
[debug] [2023-04-01T17:21:14.455Z] <<< [apiv2][body] POST https://upload-firebasehosting.googleapis.com/upload/sites/will-swebsite/versions/046daf3b2562d39c/files/5c6225e5091973648d503e371bb25164ea51d815a75d5e7b07159b72e96d74d0 [stream]
[debug] [2023-04-01T17:21:14.512Z] <<< [apiv2][status] POST https://upload-firebasehosting.googleapis.com/upload/sites/will-swebsite/versions/046daf3b2562d39c/files/49022d4ef20701fd57440db04fc3c1db492289fd2006ba9e7641e0ab7ea8a49b 200
[debug] [2023-04-01T17:21:14.515Z] <<< [apiv2][body] POST https://upload-firebasehosting.googleapis.com/upload/sites/will-swebsite/versions/046daf3b2562d39c/files/49022d4ef20701fd57440db04fc3c1db492289fd2006ba9e7641e0ab7ea8a49b [stream]
[debug] [2023-04-01T17:21:14.521Z] <<< [apiv2][status] POST https://upload-firebasehosting.googleapis.com/upload/sites/will-swebsite/versions/046daf3b2562d39c/files/18824e2898b930a79101efad5fa05f706fca61662e25b75a7bad67209d3111ed 200
[debug] [2023-04-01T17:21:14.524Z] <<< [apiv2][body] POST https://upload-firebasehosting.googleapis.com/upload/sites/will-swebsite/versions/046daf3b2562d39c/files/18824e2898b930a79101efad5fa05f706fca61662e25b75a7bad67209d3111ed [stream]
[debug] [2023-04-01T17:21:14.683Z] <<< [apiv2][status] POST https://upload-firebasehosting.googleapis.com/upload/sites/will-swebsite/versions/046daf3b2562d39c/files/b23539245bff2323e4770a181abdb278c06a97203847eab1b26208c74dccd760 200
[debug] [2023-04-01T17:21:14.685Z] <<< [apiv2][body] POST https://upload-firebasehosting.googleapis.com/upload/sites/will-swebsite/versions/046daf3b2562d39c/files/b23539245bff2323e4770a181abdb278c06a97203847eab1b26208c74dccd760 [stream]
[debug] [2023-04-01T17:21:14.761Z] <<< [apiv2][status] POST https://upload-firebasehosting.googleapis.com/upload/sites/will-swebsite/versions/046daf3b2562d39c/files/8d02dca10a3fe1c583d47a4f23cd84a41d8618237a96c0504bfb5c2f723c04ab 200
[debug] [2023-04-01T17:21:14.765Z] <<< [apiv2][body] POST https://upload-firebasehosting.googleapis.com/upload/sites/will-swebsite/versions/046daf3b2562d39c/files/8d02dca10a3fe1c583d47a4f23cd84a41d8618237a96c0504bfb5c2f723c04ab [stream]
[debug] [2023-04-01T17:21:14.770Z] <<< [apiv2][status] POST https://upload-firebasehosting.googleapis.com/upload/sites/will-swebsite/versions/046daf3b2562d39c/files/27af45c550d58ecf116103a1f2f0151b3f78f0b42ab68ad07ce44ca6bf527309 200
[debug] [2023-04-01T17:21:14.773Z] <<< [apiv2][body] POST https://upload-firebasehosting.googleapis.com/upload/sites/will-swebsite/versions/046daf3b2562d39c/files/27af45c550d58ecf116103a1f2f0151b3f78f0b42ab68ad07ce44ca6bf527309 [stream]
[debug] [2023-04-01T17:21:14.804Z] <<< [apiv2][status] POST https://upload-firebasehosting.googleapis.com/upload/sites/will-swebsite/versions/046daf3b2562d39c/files/47c36bbe01a931346fea803d4b4b26099a66877b94458cbc1bd81b15ac20e054 200
[debug] [2023-04-01T17:21:14.806Z] <<< [apiv2][body] POST https://upload-firebasehosting.googleapis.com/upload/sites/will-swebsite/versions/046daf3b2562d39c/files/47c36bbe01a931346fea803d4b4b26099a66877b94458cbc1bd81b15ac20e054 [stream]
[debug] [2023-04-01T17:21:14.811Z] <<< [apiv2][status] POST https://upload-firebasehosting.googleapis.com/upload/sites/will-swebsite/versions/046daf3b2562d39c/files/bb4d1d85e4fc1100d74c37e8d076f77789e8417072dda68c653cece6e288171d 200
[debug] [2023-04-01T17:21:14.813Z] <<< [apiv2][body] POST https://upload-firebasehosting.googleapis.com/upload/sites/will-swebsite/versions/046daf3b2562d39c/files/bb4d1d85e4fc1100d74c37e8d076f77789e8417072dda68c653cece6e288171d [stream]
[debug] [2023-04-01T17:21:14.833Z] <<< [apiv2][status] POST https://upload-firebasehosting.googleapis.com/upload/sites/will-swebsite/versions/046daf3b2562d39c/files/84c7f09a3fba7a1d3d63d7a8854c9ac757fc7a52dc23b079790942d9ecc09fe7 200
[debug] [2023-04-01T17:21:14.836Z] <<< [apiv2][body] POST https://upload-firebasehosting.googleapis.com/upload/sites/will-swebsite/versions/046daf3b2562d39c/files/84c7f09a3fba7a1d3d63d7a8854c9ac757fc7a52dc23b079790942d9ecc09fe7 [stream]
[info] i  hosting: uploading new files [36/40] (90%) 
[debug] [2023-04-01T17:21:14.908Z] <<< [apiv2][status] POST https://upload-firebasehosting.googleapis.com/upload/sites/will-swebsite/versions/046daf3b2562d39c/files/db200d407422bd784c10ac1f6220f563873c6dc72f1a8a96eaf49d5428680d13 200
[debug] [2023-04-01T17:21:14.910Z] <<< [apiv2][body] POST https://upload-firebasehosting.googleapis.com/upload/sites/will-swebsite/versions/046daf3b2562d39c/files/db200d407422bd784c10ac1f6220f563873c6dc72f1a8a96eaf49d5428680d13 [stream]
[debug] [2023-04-01T17:21:14.981Z] <<< [apiv2][status] POST https://upload-firebasehosting.googleapis.com/upload/sites/will-swebsite/versions/046daf3b2562d39c/files/e56f14f6342e7dddc5235eafb51d4c7ed166c3307d769fc464294ff0242f45be 200
[debug] [2023-04-01T17:21:14.983Z] <<< [apiv2][body] POST https://upload-firebasehosting.googleapis.com/upload/sites/will-swebsite/versions/046daf3b2562d39c/files/e56f14f6342e7dddc5235eafb51d4c7ed166c3307d769fc464294ff0242f45be [stream]
[debug] [2023-04-01T17:21:15.618Z] <<< [apiv2][status] POST https://upload-firebasehosting.googleapis.com/upload/sites/will-swebsite/versions/046daf3b2562d39c/files/66a3aaf5f3bfb9427dd388c2d5a8f8cf95f95cad99e03e55b55d754cd4e3a5df 200
[debug] [2023-04-01T17:21:15.621Z] <<< [apiv2][body] POST https://upload-firebasehosting.googleapis.com/upload/sites/will-swebsite/versions/046daf3b2562d39c/files/66a3aaf5f3bfb9427dd388c2d5a8f8cf95f95cad99e03e55b55d754cd4e3a5df [stream]
[debug] [2023-04-01T17:21:15.626Z] <<< [apiv2][status] POST https://upload-firebasehosting.googleapis.com/upload/sites/will-swebsite/versions/046daf3b2562d39c/files/7d6751dccb93e25b875f83dadd49f2649649a76c62b1b1dab6dc9299129142d8 200
[debug] [2023-04-01T17:21:15.628Z] <<< [apiv2][body] POST https://upload-firebasehosting.googleapis.com/upload/sites/will-swebsite/versions/046daf3b2562d39c/files/7d6751dccb93e25b875f83dadd49f2649649a76c62b1b1dab6dc9299129142d8 [stream]
[debug] [2023-04-01T17:21:15.631Z] [hosting][upload queue][FINAL] {"max":5744,"min":1539,"avg":3498.25,"active":0,"complete":40,"success":40,"errored":0,"retried":0,"total":40,"elapsed":5764}
[info] i  hosting: upload complete 
[info] +  hosting[will-swebsite]: file upload complete 
[debug] [2023-04-01T17:21:15.637Z] [hosting] deploy completed after 6898ms
[debug] [2023-04-01T17:21:15.642Z] [
  {
    "config": {
      "public": "./",
      "ignore": [
        "firebase.json",
        "**/.*",
        "**/node_modules/**"
      ],
      "site": "will-swebsite"
    },
    "version": "projects/723906792946/sites/will-swebsite/versions/046daf3b2562d39c"
  }
]
[info] i  hosting[will-swebsite]: finalizing version... 
[debug] [2023-04-01T17:21:15.660Z] >>> [apiv2][query] PATCH https://firebasehosting.googleapis.com/v1beta1/projects/-/sites/will-swebsite/versions/046daf3b2562d39c updateMask=status%2Cconfig
[debug] [2023-04-01T17:21:15.662Z] >>> [apiv2][body] PATCH https://firebasehosting.googleapis.com/v1beta1/projects/-/sites/will-swebsite/versions/046daf3b2562d39c {"status":"FINALIZED","config":{}}
[debug] [2023-04-01T17:21:16.719Z] <<< [apiv2][status] PATCH https://firebasehosting.googleapis.com/v1beta1/projects/-/sites/will-swebsite/versions/046daf3b2562d39c 200
[debug] [2023-04-01T17:21:16.721Z] <<< [apiv2][body] PATCH https://firebasehosting.googleapis.com/v1beta1/projects/-/sites/will-swebsite/versions/046daf3b2562d39c {"name":"projects/723906792946/sites/will-swebsite/versions/046daf3b2562d39c","status":"FINALIZED","config":{},"labels":{"deployment-tool":"cli-firebase"},"createTime":"2023-04-01T17:21:09.595364Z","createUser":{"email":"william.otty@gmail.com"},"finalizeTime":"2023-04-01T17:21:17.829294Z","finalizeUser":{"email":"william.otty@gmail.com"}}
[debug] [2023-04-01T17:21:16.725Z] [hosting] finalized version for will-swebsite:[object Object]
[info] +  hosting[will-swebsite]: version finalized 
[info] i  hosting[will-swebsite]: releasing new version... 
[debug] [2023-04-01T17:21:16.732Z] >>> [apiv2][query] POST https://firebasehosting.googleapis.com/v1beta1/projects/-/sites/will-swebsite/channels/live/releases versionName=projects%2F723906792946%2Fsites%2Fwill-swebsite%2Fversions%2F046daf3b2562d39c
[debug] [2023-04-01T17:21:16.734Z] >>> [apiv2][body] POST https://firebasehosting.googleapis.com/v1beta1/projects/-/sites/will-swebsite/channels/live/releases {}
[debug] [2023-04-01T17:21:17.174Z] <<< [apiv2][status] POST https://firebasehosting.googleapis.com/v1beta1/projects/-/sites/will-swebsite/channels/live/releases 200
[debug] [2023-04-01T17:29:22.472Z] ----------------------------------------------------------------------
[debug] [2023-04-01T17:29:22.479Z] Command:       C:\Program Files\nodejs\node.exe C:\Users\W0ty\AppData\Roaming\npm\node_modules\firebase-tools\lib\bin\firebase.js deploy --debug --project will-swebsite
[debug] [2023-04-01T17:29:22.480Z] CLI Version:   11.25.2
[debug] [2023-04-01T17:29:22.481Z] Platform:      win32
[debug] [2023-04-01T17:29:22.481Z] Node Version:  v19.1.0
[debug] [2023-04-01T17:29:22.482Z] Time:          Sat Apr 01 2023 18:29:22 GMT+0100 (British Summer Time)
[debug] [2023-04-01T17:29:22.482Z] ----------------------------------------------------------------------
[debug] 
[debug] [2023-04-01T17:29:22.616Z] > command requires scopes: ["email","openid","https://www.googleapis.com/auth/cloudplatformprojects.readonly","https://www.googleapis.com/auth/firebase","https://www.googleapis.com/auth/cloud-platform"]
[debug] [2023-04-01T17:29:22.619Z] > authorizing via signed-in user (william.otty@gmail.com)
[debug] [2023-04-01T17:29:22.621Z] [iam] checking project will-swebsite for permissions ["firebase.projects.get","firebasehosting.sites.update"]
[debug] [2023-04-01T17:29:22.627Z] >>> [apiv2][query] POST https://cloudresourcemanager.googleapis.com/v1/projects/will-swebsite:testIamPermissions [none]
[debug] [2023-04-01T17:29:22.629Z] >>> [apiv2][(partial)header] POST https://cloudresourcemanager.googleapis.com/v1/projects/will-swebsite:testIamPermissions x-goog-quota-user=projects/will-swebsite
[debug] [2023-04-01T17:29:22.630Z] >>> [apiv2][body] POST https://cloudresourcemanager.googleapis.com/v1/projects/will-swebsite:testIamPermissions {"permissions":["firebase.projects.get","firebasehosting.sites.update"]}
[debug] [2023-04-01T17:29:23.865Z] <<< [apiv2][status] POST https://cloudresourcemanager.googleapis.com/v1/projects/will-swebsite:testIamPermissions 200
[debug] [2023-04-01T17:29:23.868Z] <<< [apiv2][body] POST https://cloudresourcemanager.googleapis.com/v1/projects/will-swebsite:testIamPermissions {"permissions":["firebase.projects.get","firebasehosting.sites.update"]}
[debug] [2023-04-01T17:29:23.875Z] >>> [apiv2][query] GET https://firebase.googleapis.com/v1beta1/projects/will-swebsite [none]
[debug] [2023-04-01T17:29:24.656Z] <<< [apiv2][status] GET https://firebase.googleapis.com/v1beta1/projects/will-swebsite 200
[debug] [2023-04-01T17:29:24.659Z] <<< [apiv2][body] GET https://firebase.googleapis.com/v1beta1/projects/will-swebsite {"projectId":"will-swebsite","projectNumber":"723906792946","displayName":"Will'sWebsite","name":"projects/will-swebsite","resources":{"hostingSite":"will-swebsite"},"state":"ACTIVE","etag":"1_124b3bee-511f-4dcb-8d99-7496478639df"}
[info] 
[info] === Deploying to 'will-swebsite'...
[info] 
[info] i  deploying hosting 
[debug] [2023-04-01T17:29:24.685Z] >>> [apiv2][query] POST https://firebasehosting.googleapis.com/v1beta1/projects/-/sites/will-swebsite/versions [none]
[debug] [2023-04-01T17:29:24.687Z] >>> [apiv2][body] POST https://firebasehosting.googleapis.com/v1beta1/projects/-/sites/will-swebsite/versions {"status":"CREATED","labels":{"deployment-tool":"cli-firebase"}}
[debug] [2023-04-01T17:29:26.014Z] <<< [apiv2][status] POST https://firebasehosting.googleapis.com/v1beta1/projects/-/sites/will-swebsite/versions 200
[debug] [2023-04-01T17:29:26.015Z] <<< [apiv2][body] POST https://firebasehosting.googleapis.com/v1beta1/projects/-/sites/will-swebsite/versions {"name":"projects/723906792946/sites/will-swebsite/versions/891342cb1c8b2bbe","status":"CREATED","config":{},"labels":{"deployment-tool":"cli-firebase"}}
[info] i  hosting[will-swebsite]: beginning deploy... 
[info] i  hosting[will-swebsite]: found 37 files in ./ 
[debug] [2023-04-01T17:29:26.078Z] [hosting] uploading with 200 concurrency
[debug] [2023-04-01T17:29:26.122Z] [hosting] hash cache [] stored for 37 files
[debug] [2023-04-01T17:29:26.123Z] [hosting][hash queue][FINAL] {"max":28,"min":2,"avg":4.054054054054054,"active":0,"complete":37,"success":37,"errored":0,"retried":0,"total":37,"elapsed":39}
[debug] [2023-04-01T17:29:26.125Z] >>> [apiv2][query] POST https://firebasehosting.googleapis.com/v1beta1/projects/723906792946/sites/will-swebsite/versions/891342cb1c8b2bbe:populateFiles [none]
[debug] [2023-04-01T17:29:26.126Z] >>> [apiv2][body] POST https://firebasehosting.googleapis.com/v1beta1/projects/723906792946/sites/will-swebsite/versions/891342cb1c8b2bbe:populateFiles {"files":{"/package-lock.json":"e56f14f6342e7dddc5235eafb51d4c7ed166c3307d769fc464294ff0242f45be","/package.json":"3cfb107bc13db4eaa77d4a1bb1c5e624f416b1e70302a3830e702428481579c4","/assets/communication.png":"b18eb938ce501124e4fc08d51d1e5b5843d6ac1e02e00ffa723bd364e4ba7314","/assets/database.png":"988b19f1b1a68369b5ca4329c1beeda65ca72956ddbf8c1d852c66f688ede51f","/assets/docker.png":"e6f77555d16374c6889f62398b6f2dfaad13458ca7809bf2eded2749a943c3b4","/assets/Docker1.png":"32d072aadad462bc999d59ec10f971e8dd3918f9461a29450672cee12706df16","/assets/Docker2.png":"24ce7f22ad2de1934263b424aa1cd64b9b62f8a0403db8376f880478cc95b7fb","/assets/Docker3.png":"a6836e4d88566e593e84c248f2293b14accc6f397b39c7ee816c6f7a3daf708b","/assets/Docker4.png":"15ad4e92a9cc0bbe89e48834401ee987393a2507a73704a8445c25b0b38a1598","/assets/esb.png":"95946b2432c2f19b16d7a9e9927340720cf8b29a3492af76ac385543384df6d5","/assets/esb1.png":"ea58491bced11ce52505ae16be1081dfa1fc76a363588f545da718937c2ed7f8","/assets/index.html":"84c7f09a3fba7a1d3d63d7a8854c9ac757fc7a52dc23b079790942d9ecc09fe7","/assets/javaicon.png":"6e2ecc3e8f9d7d72b8934b91c16585f3474c2e5783d2b1add531c229606aa095","/assets/mockup.png":"a4bab11a477fb5b8cdf255c169f6213bf30d4e9657358091f38ddc9df59f1a85","/assets/profileimage.png":"5332bae8cc147f21f5e4878ccc90f16e4f44621f06fb3ded02fea96a02909d2a","/assets/read_icon.png":"8db52498015e11179d3b2d14fde482a5f454f182c5017c2ed3f6de83ecec3447","/assets/search.png":"f6ea4160271162caa20758b6b3ae7cd4abc4f9321c65b33ee3482466fcf8b926","/assets/searchicon.html":"d0f5bea7d94a7f5e012e49b66454b9525ca1bbe3c0e22ac33e1d2f76718e46f8","/assets/style.css":"ed2fb413daa4db0295439a3c961de8ea8b9e142d7707863b65326388529e3dc4","/assets/websiteicon.png":"bbfb3c715fae94b885c8d0184cbfff11ba8f953b11a52112762a8aa64d382083","/assets/wottyLogo2.png":"ca017bb472a33feb06567ea0afa6a29cd48d4b721df5e725ff7ef3e763ac811c","/blog/communication.html":"fb86cf1a0c55543cf11bfcd74359240c2fdf43598bc7dfe66fc719c1d241896c","/blog/databases.html":"338d3838e03f6f4ff2a4661ed90a49a6ed5ae970fa1dae3cb483e6a4c46a741c","/blog/docker.html":"b03fbea4b6ca905e04a6dd17ca02aec6f45732be0ccbabd498cf9285e0a1946a","/blog/reading.html":"67fe7915be639ed919cb4392e2b008c696a889596ca6862bce56c178451f4743","/projects/about.html":"8d02dca10a3fe1c583d47a4f23cd84a41d8618237a96c0504bfb5c2f723c04ab","/projects/blog.html":"4159df9166905110280ea8918407cfc3446edd0622fee0cf78a85c413b3b11f7","/projects/buildingwebsite.html":"aff0381591a023f4620e5c3cc83db2e2c3870b3bbec5b0c809f89c06ae03a9b9","/projects/Electric Skateboard.pdf":"a577e253219679ab4e3cdd701a7f84082d2b3e2a138037e2a5529ec90962a3c7","/projects/esb.html":"f59ed5e54e99bed12880724e6af7e2d301a354753bac09d94f5c893632585f55","/projects/exercism.html":"b23539245bff2323e4770a181abdb278c06a97203847eab1b26208c74dccd760","/projects/index.html":"5c6225e5091973648d503e371bb25164ea51d815a75d5e7b07159b72e96d74d0","/projects/learningjava.html":"4f6e80bc991198187550dac0654b27ccdbf9853033e1b5fbc4fc3e837eadb78a","/projects/SIgnOff_FinalAssessment.pdf":"460d3c49589ad364b64cd345111f97939fd9128a846eab096af17e6fb399967c","/about.html":"b7bc9f2b25314212f0c0691957789586371935aae194777e4f90a5e7cb4ef352","/blog.html":"ddce9943d432cf6abc17887c7f2f5b9efdbbff9955f4d677d9800b8fa112f998","/index.html":"b3ffe8646cf6254d09268f2e88c9b8465157e79416137ca39ca371c21d21ba73"}}
[debug] [2023-04-01T17:29:26.701Z] <<< [apiv2][status] POST https://firebasehosting.googleapis.com/v1beta1/projects/723906792946/sites/will-swebsite/versions/891342cb1c8b2bbe:populateFiles 200
[debug] [2023-04-01T17:29:26.703Z] <<< [apiv2][body] POST https://firebasehosting.googleapis.com/v1beta1/projects/723906792946/sites/will-swebsite/versions/891342cb1c8b2bbe:populateFiles {"uploadRequiredHashes":["b3ffe8646cf6254d09268f2e88c9b8465157e79416137ca39ca371c21d21ba73","b7bc9f2b25314212f0c0691957789586371935aae194777e4f90a5e7cb4ef352","ddce9943d432cf6abc17887c7f2f5b9efdbbff9955f4d677d9800b8fa112f998"],"uploadUrl":"https://upload-firebasehosting.googleapis.com/upload/sites/will-swebsite/versions/891342cb1c8b2bbe/files"}
[debug] [2023-04-01T17:29:26.711Z] >>> [apiv2][query] POST https://upload-firebasehosting.googleapis.com/upload/sites/will-swebsite/versions/891342cb1c8b2bbe/files/b3ffe8646cf6254d09268f2e88c9b8465157e79416137ca39ca371c21d21ba73 [none]
[debug] [2023-04-01T17:29:26.713Z] >>> [apiv2][body] POST https://upload-firebasehosting.googleapis.com/upload/sites/will-swebsite/versions/891342cb1c8b2bbe/files/b3ffe8646cf6254d09268f2e88c9b8465157e79416137ca39ca371c21d21ba73 [stream]
[debug] [2023-04-01T17:29:26.723Z] >>> [apiv2][query] POST https://upload-firebasehosting.googleapis.com/upload/sites/will-swebsite/versions/891342cb1c8b2bbe/files/b7bc9f2b25314212f0c0691957789586371935aae194777e4f90a5e7cb4ef352 [none]
[debug] [2023-04-01T17:29:26.725Z] >>> [apiv2][body] POST https://upload-firebasehosting.googleapis.com/upload/sites/will-swebsite/versions/891342cb1c8b2bbe/files/b7bc9f2b25314212f0c0691957789586371935aae194777e4f90a5e7cb4ef352 [stream]
[debug] [2023-04-01T17:29:26.734Z] >>> [apiv2][query] POST https://upload-firebasehosting.googleapis.com/upload/sites/will-swebsite/versions/891342cb1c8b2bbe/files/ddce9943d432cf6abc17887c7f2f5b9efdbbff9955f4d677d9800b8fa112f998 [none]
[debug] [2023-04-01T17:29:26.737Z] >>> [apiv2][body] POST https://upload-firebasehosting.googleapis.com/upload/sites/will-swebsite/versions/891342cb1c8b2bbe/files/ddce9943d432cf6abc17887c7f2f5b9efdbbff9955f4d677d9800b8fa112f998 [stream]
[debug] [2023-04-01T17:29:26.745Z] [hosting][populate queue][FINAL] {"max":593,"min":593,"avg":593,"active":0,"complete":1,"success":1,"errored":0,"retried":0,"total":1,"elapsed":629}
[debug] [2023-04-01T17:29:26.748Z] [hosting] uploads queued: 3
[debug] [2023-04-01T17:29:27.999Z] <<< [apiv2][status] POST https://upload-firebasehosting.googleapis.com/upload/sites/will-swebsite/versions/891342cb1c8b2bbe/files/b7bc9f2b25314212f0c0691957789586371935aae194777e4f90a5e7cb4ef352 200
[debug] [2023-04-01T17:29:28.001Z] <<< [apiv2][body] POST https://upload-firebasehosting.googleapis.com/upload/sites/will-swebsite/versions/891342cb1c8b2bbe/files/b7bc9f2b25314212f0c0691957789586371935aae194777e4f90a5e7cb4ef352 [stream]
[info] i  hosting: uploading new files [1/3] (33%) 
[debug] [2023-04-01T17:29:28.091Z] <<< [apiv2][status] POST https://upload-firebasehosting.googleapis.com/upload/sites/will-swebsite/versions/891342cb1c8b2bbe/files/b3ffe8646cf6254d09268f2e88c9b8465157e79416137ca39ca371c21d21ba73 200
[debug] [2023-04-01T17:29:28.093Z] <<< [apiv2][body] POST https://upload-firebasehosting.googleapis.com/upload/sites/will-swebsite/versions/891342cb1c8b2bbe/files/b3ffe8646cf6254d09268f2e88c9b8465157e79416137ca39ca371c21d21ba73 [stream]
[debug] [2023-04-01T17:29:28.208Z] <<< [apiv2][status] POST https://upload-firebasehosting.googleapis.com/upload/sites/will-swebsite/versions/891342cb1c8b2bbe/files/ddce9943d432cf6abc17887c7f2f5b9efdbbff9955f4d677d9800b8fa112f998 200
[debug] [2023-04-01T17:29:28.210Z] <<< [apiv2][body] POST https://upload-firebasehosting.googleapis.com/upload/sites/will-swebsite/versions/891342cb1c8b2bbe/files/ddce9943d432cf6abc17887c7f2f5b9efdbbff9955f4d677d9800b8fa112f998 [stream]
[debug] [2023-04-01T17:29:28.213Z] [hosting][upload queue][FINAL] {"max":1504,"min":1295,"avg":1396,"active":0,"complete":3,"success":3,"errored":0,"retried":0,"total":3,"elapsed":1507}
[info] i  hosting: upload complete 
[info] +  hosting[will-swebsite]: file upload complete 
[debug] [2023-04-01T17:29:28.219Z] [hosting] deploy completed after 2195ms
[debug] [2023-04-01T17:29:28.224Z] [
  {
    "config": {
      "public": "./",
      "ignore": [
        "firebase.json",
        "**/.*",
        "**/node_modules/**"
      ],
      "site": "will-swebsite"
    },
    "version": "projects/723906792946/sites/will-swebsite/versions/891342cb1c8b2bbe"
  }
]
[info] i  hosting[will-swebsite]: finalizing version... 
[debug] [2023-04-01T17:29:28.244Z] >>> [apiv2][query] PATCH https://firebasehosting.googleapis.com/v1beta1/projects/-/sites/will-swebsite/versions/891342cb1c8b2bbe updateMask=status%2Cconfig
[debug] [2023-04-01T17:29:28.246Z] >>> [apiv2][body] PATCH https://firebasehosting.googleapis.com/v1beta1/projects/-/sites/will-swebsite/versions/891342cb1c8b2bbe {"status":"FINALIZED","config":{}}
[debug] [2023-04-01T17:29:28.645Z] <<< [apiv2][status] PATCH https://firebasehosting.googleapis.com/v1beta1/projects/-/sites/will-swebsite/versions/891342cb1c8b2bbe 200
[debug] [2023-04-01T17:29:28.647Z] <<< [apiv2][body] PATCH https://firebasehosting.googleapis.com/v1beta1/projects/-/sites/will-swebsite/versions/891342cb1c8b2bbe {"name":"projects/723906792946/sites/will-swebsite/versions/891342cb1c8b2bbe","status":"FINALIZED","config":{},"labels":{"deployment-tool":"cli-firebase"},"createTime":"2023-04-01T17:29:26.881904Z","createUser":{"email":"william.otty@gmail.com"},"finalizeTime":"2023-04-01T17:29:29.754186Z","finalizeUser":{"email":"william.otty@gmail.com"}}
[debug] [2023-04-01T17:29:28.650Z] [hosting] finalized version for will-swebsite:[object Object]
[info] +  hosting[will-swebsite]: version finalized 
[info] i  hosting[will-swebsite]: releasing new version... 
[debug] [2023-04-01T17:29:28.659Z] >>> [apiv2][query] POST https://firebasehosting.googleapis.com/v1beta1/projects/-/sites/will-swebsite/channels/live/releases versionName=projects%2F723906792946%2Fsites%2Fwill-swebsite%2Fversions%2F891342cb1c8b2bbe
[debug] [2023-04-01T17:29:28.661Z] >>> [apiv2][body] POST https://firebasehosting.googleapis.com/v1beta1/projects/-/sites/will-swebsite/channels/live/releases {}
[debug] [2023-04-01T17:29:29.083Z] <<< [apiv2][status] POST https://firebasehosting.googleapis.com/v1beta1/projects/-/sites/will-swebsite/channels/live/releases 200
